Arguments: 
  C:\Program Files\nodejs\node.exe C:\Users\mercu\AppData\Roaming\npm\node_modules\yarn\bin\yarn.js

PATH: 
  C:\Python310\Scripts\;C:\Python310\;C:\Program Files\Common Files\Oracle\Java\javapath;C:\ProgramData\Oracle\Java\javapath;C:\oraclexe\app\oracle\product\11.2.0\server\bin;C:\Windows\system32;C:\Windows;C:\Windows\System32\Wbem;C:\Windows\System32\WindowsPowerShell\v1.0\;C:\Windows\System32\OpenSSH\;C:\Program Files\Azure Data Studio\bin;C:\Program Files (x86)\Microsoft SQL Server\150\DTS\Binn\;C:\Program Files\Microsoft SQL Server\Client SDK\ODBC\170\Tools\Binn\;C:\Program Files (x86)\Microsoft SQL Server\150\Tools\Binn\;C:\Program Files\Microsoft SQL Server\150\Tools\Binn\;C:\Program Files\Microsoft SQL Server\150\DTS\Binn\;C:\ProgramData\chocolatey\bin;C:\Users\mercu\AppData\Roaming\npm;C:\Program Files\nodejs\;C:\Program Files\Git\cmd;C:\Users\mercu\AppData\Local\Microsoft\WindowsApps;C:\Users\mercu\AppData\Local\Programs\Microsoft VS Code\bin

Yarn version: 
  1.22.19

Node version: 
  18.7.0

Platform: 
  win32 x64

Trace: 
  Error: getaddrinfo ENOTFOUND registry.yarnpkg.com
      at GetAddrInfoReqWrap.onlookup [as oncomplete] (node:dns:111:26)

npm manifest: 
  {
    "name": "projet_test",
    "version": "1.0.0",
    "scripts": {
      "start": "expo start --dev-client",
      "android": "expo run:android",
      "ios": "expo run:ios",
      "web": "expo start --web"
    },
    "dependencies": {
      "@react-native-async-storage/async-storage": "~1.17.3",
      "@react-native-community/masked-view": "^0.1.11",
      "@react-navigation/bottom-tabs": "^6.3.3",
      "@react-navigation/native": "^6.0.12",
      "@react-navigation/stack": "^6.2.3",
      "bcrypt-react-native": "^1.1.1",
      "bcryptjs": "^2.4.3",
      "escape-string-regexp": "^5.0.0",
      "expo": "~46.0.9",
      "expo-local-authentication": "^12.3.0",
      "expo-splash-screen": "~0.16.2",
      "expo-sqlite": "^10.3.0",
      "expo-status-bar": "~1.4.0",
      "moment": "^2.29.4",
      "native-base": "^3.4.13",
      "path": "^0.12.7",
      "react": "18.0.0",
      "react-dom": "18.0.0",
      "react-native": "0.69.5",
      "react-native-biometrics": "^2.2.2",
      "react-native-fingerprint-scanner": "^6.0.0",
      "react-native-gesture-handler": "^2.6.0",
      "react-native-pager-view": "5.4.24",
      "react-native-phone-number-input": "^2.1.0",
      "react-native-safe-area-context": "^4.3.1",
      "react-native-screens": "~3.15.0",
      "react-native-svg": "12.3.0",
      "react-native-tab-view": "^3.1.1",
      "react-native-toast-message": "^2.1.5",
      "react-native-web": "~0.18.7",
      "react-navigation-stack": "^2.10.4",
      "react-whatsapp": "^0.3.0"
    },
    "devDependencies": {
      "@babel/core": "^7.12.9"
    },
    "private": true
  }

yarn manifest: 
  No manifest

Lockfile: 
  No lockfile
